Using pre-set license
Desktop is 1920 x 1080 @ 60 Hz

 COMMAND LINE ARGUMENTS:
Unity
-adb2
-batchMode
-noUpm
-name
AssetImportWorker0
-projectPath
/home/alex/game/super-duper-game-YATP/Game
-logFile
Logs/AssetImportWorker0.log
-srvPort
36031
Successfully changed project path to: /home/alex/game/super-duper-game-YATP/Game
/home/alex/game/super-duper-game-YATP/Game
Using Asset Import Pipeline V2.
Refreshing native plugins compatible for Editor in 96,72 ms, found 1 plugins.
Preloading 0 native plugins for Editor in 0,00 ms.
Initialize engine version: 2020.3.0f1 (c7b5465681fb)
[Subsystems] Discovering subsystems at path /home/alex/Unity/Hub/Editor/2020.3.0f1/Editor/Data/Resources/UnitySubsystems
[Subsystems] Discovering subsystems at path /home/alex/game/super-duper-game-YATP/Game/Assets
GLX Extensions: GLX_ARB_create_context GLX_ARB_create_context_no_error GLX_ARB_create_context_profile GLX_ARB_create_context_robustness GLX_ARB_fbconfig_float GLX_ARB_framebuffer_sRGB GLX_ARB_get_proc_address GLX_ARB_multisample GLX_EXT_buffer_age GLX_EXT_create_context_es2_profile GLX_EXT_create_context_es_profile GLX_EXT_fbconfig_packed_float GLX_EXT_framebuffer_sRGB GLX_EXT_import_context GLX_EXT_swap_control GLX_EXT_swap_control_tear GLX_EXT_texture_from_pixmap GLX_EXT_visual_info GLX_EXT_visual_rating GLX_INTEL_swap_event GLX_MESA_copy_sub_buffer GLX_MESA_query_renderer GLX_MESA_swap_control GLX_OML_swap_method GLX_OML_sync_control GLX_SGIS_multisample GLX_SGIX_fbconfig GLX_SGIX_pbuffer GLX_SGIX_visual_select_group GLX_SGI_make_current_read GLX_SGI_swap_control GLX_SGI_video_sync 
Renderer: Mesa Intel(R) HD Graphics 505 (APL 3)
Vendor:   Intel
Version:  4.6 (Core Profile) Mesa 21.0.2
GLES:     0
 GL_3DFX_texture_compression_FXT1 GL_AMD_conservative_depth GL_AMD_depth_clamp_separate GL_AMD_draw_buffers_blend GL_AMD_gpu_shader_int64 GL_AMD_multi_draw_indirect GL_AMD_performance_monitor GL_AMD_query_buffer_object GL_AMD_seamless_cubemap_per_texture GL_AMD_shader_stencil_export GL_AMD_shader_trinary_minmax GL_AMD_texture_texture4 GL_AMD_vertex_shader_layer GL_AMD_vertex_shader_viewport_index GL_ANGLE_texture_compression_dxt3 GL_ANGLE_texture_compression_dxt5 GL_ARB_ES2_compatibility GL_ARB_ES3_1_compatibility GL_ARB_ES3_2_compatibility GL_ARB_ES3_compatibility GL_ARB_arrays_of_arrays GL_ARB_base_instance GL_ARB_blend_func_extended GL_ARB_buffer_storage GL_ARB_clear_buffer_object GL_ARB_clear_texture GL_ARB_clip_control GL_ARB_compressed_texture_pixel_storage GL_ARB_compute_shader GL_ARB_compute_variable_group_size GL_ARB_conditional_render_inverted GL_ARB_conservative_depth GL_ARB_copy_buffer GL_ARB_copy_image GL_ARB_cull_distance GL_ARB_debug_output GL_ARB_depth_buffer_float GL_ARB_depth_clamp GL_ARB_d
erivative_control GL_ARB_direct_state_access GL_ARB_draw_buffers GL_ARB_draw_buffers_blend GL_ARB_draw_elements_base_vertex GL_ARB_draw_indirect GL_ARB_draw_instanced GL_ARB_enhanced_layouts GL_ARB_explicit_attrib_location GL_ARB_explicit_uniform_location GL_ARB_fragment_coord_conventions GL_ARB_fragment_layer_viewport GL_ARB_fragment_shader GL_ARB_fragment_shader_interlock GL_ARB_framebuffer_no_attachments GL_ARB_framebuffer_object GL_ARB_framebuffer_sRGB GL_ARB_get_program_binary GL_ARB_get_texture_sub_image GL_ARB_gl_spirv GL_ARB_gpu_shader5 GL_ARB_gpu_shader_fp64 GL_ARB_gpu_shader_int64 GL_ARB_half_float_pixel GL_ARB_half_float_vertex GL_ARB_indirect_parameters GL_ARB_instanced_arrays GL_ARB_internalformat_query GL_ARB_internalformat_query2 GL_ARB_invalidate_subdata GL_ARB_map_buffer_alignment GL_ARB_map_buffer_range GL_ARB_multi_bind GL_ARB_multi_draw_indirect GL_ARB_occlusion_query2 GL_ARB_parallel_shader_compile GL_ARB_pipeline_statistics_query GL_ARB_pixel_buffer_object GL_ARB_point_sprite GL_ARB_pol
ygon_offset_clamp GL_ARB_post_depth_coverage GL_ARB_program_interface_query GL_ARB_provoking_vertex GL_ARB_query_buffer_object GL_ARB_robust_buffer_access_behavior GL_ARB_robustness GL_ARB_sample_shading GL_ARB_sampler_objects GL_ARB_seamless_cube_map GL_ARB_seamless_cubemap_per_texture GL_ARB_separate_shader_objects GL_ARB_shader_atomic_counter_ops GL_ARB_shader_atomic_counters GL_ARB_shader_ballot GL_ARB_shader_bit_encoding GL_ARB_shader_clock GL_ARB_shader_draw_parameters GL_ARB_shader_group_vote GL_ARB_shader_image_load_store GL_ARB_shader_image_size GL_ARB_shader_objects GL_ARB_shader_precision GL_ARB_shader_stencil_export GL_ARB_shader_storage_buffer_object GL_ARB_shader_subroutine GL_ARB_shader_texture_image_samples GL_ARB_shader_texture_lod GL_ARB_shader_viewport_layer_array GL_ARB_shading_language_420pack GL_ARB_shading_language_include GL_ARB_shading_language_packing GL_ARB_spirv_extensions GL_ARB_stencil_texturing GL_ARB_sync GL_ARB_tessellation_shader GL_ARB_texture_barrier GL_ARB_texture_buffer_
object GL_ARB_texture_buffer_object_rgb32 GL_ARB_texture_buffer_range GL_ARB_texture_compression_bptc GL_ARB_texture_compression_rgtc GL_ARB_texture_cube_map_array GL_ARB_texture_filter_anisotropic GL_ARB_texture_float GL_ARB_texture_gather GL_ARB_texture_mirror_clamp_to_edge GL_ARB_texture_multisample GL_ARB_texture_non_power_of_two GL_ARB_texture_query_levels GL_ARB_texture_query_lod GL_ARB_texture_rectangle GL_ARB_texture_rg GL_ARB_texture_rgb10_a2ui GL_ARB_texture_stencil8 GL_ARB_texture_storage GL_ARB_texture_storage_multisample GL_ARB_texture_swizzle GL_ARB_texture_view GL_ARB_timer_query GL_ARB_transform_feedback2 GL_ARB_transform_feedback3 GL_ARB_transform_feedback_instanced GL_ARB_transform_feedback_overflow_query GL_ARB_uniform_buffer_object GL_ARB_vertex_array_bgra GL_ARB_vertex_array_object GL_ARB_vertex_attrib_64bit GL_ARB_vertex_attrib_binding GL_ARB_vertex_buffer_object GL_ARB_vertex_shader GL_ARB_vertex_type_10f_11f_11f_rev GL_ARB_vertex_type_2_10_10_10_rev GL_ARB_viewport_array GL_ATI_blend_
equation_separate GL_ATI_texture_float GL_EXT_EGL_image_storage GL_EXT_EGL_sync GL_EXT_abgr GL_EXT_blend_equation_separate GL_EXT_demote_to_helper_invocation GL_EXT_draw_buffers2 GL_EXT_draw_instanced GL_EXT_framebuffer_blit GL_EXT_framebuffer_multisample GL_EXT_framebuffer_multisample_blit_scaled GL_EXT_framebuffer_object GL_EXT_framebuffer_sRGB GL_EXT_packed_depth_stencil GL_EXT_packed_float GL_EXT_pixel_buffer_object GL_EXT_polygon_offset_clamp GL_EXT_provoking_vertex GL_EXT_semaphore GL_EXT_semaphore_fd GL_EXT_shader_framebuffer_fetch GL_EXT_shader_framebuffer_fetch_non_coherent GL_EXT_shader_integer_mix GL_EXT_shader_samples_identical GL_EXT_texture_array GL_EXT_texture_compression_dxt1 GL_EXT_texture_compression_rgtc GL_EXT_texture_compression_s3tc GL_EXT_texture_filter_anisotropic GL_EXT_texture_integer GL_EXT_texture_sRGB GL_EXT_texture_sRGB_R8 GL_EXT_texture_sRGB_decode GL_EXT_texture_shadow_lod GL_EXT_texture_shared_exponent GL_EXT_texture_snorm GL_EXT_texture_swizzle GL_EXT_timer_query GL_EXT_tran
sform_feedback GL_EXT_vertex_array_bgra GL_EXT_vertex_attrib_64bit GL_IBM_multimode_draw_arrays GL_INTEL_blackhole_render GL_INTEL_conservative_rasterization GL_INTEL_performance_query GL_INTEL_shader_atomic_float_minmax GL_INTEL_shader_integer_functions2 GL_KHR_blend_equation_advanced GL_KHR_blend_equation_advanced_coherent GL_KHR_context_flush_control GL_KHR_debug GL_KHR_no_error GL_KHR_parallel_shader_compile GL_KHR_robust_buffer_access_behavior GL_KHR_robustness GL_KHR_texture_compression_astc_ldr GL_KHR_texture_compression_astc_sliced_3d GL_MESA_framebuffer_flip_y GL_MESA_pack_invert GL_MESA_shader_integer_functions GL_MESA_texture_signed_rgba GL_NV_compute_shader_derivatives GL_NV_conditional_render GL_NV_copy_image GL_NV_depth_clamp GL_NV_fragment_shader_interlock GL_NV_packed_depth_stencil GL_NV_texture_barrier GL_OES_EGL_image GL_S3_s3tc
OPENGL LOG: Creating OpenGL 4.6 graphics device ; Context level  <OpenGL 4.5> ; Context handle -1063184384
Initialize mono
Mono path[0] = '/home/alex/Unity/Hub/Editor/2020.3.0f1/Editor/Data/Managed'
Mono path[1] = '/home/alex/Unity/Hub/Editor/2020.3.0f1/Editor/Data/MonoBleedingEdge/lib/mono/unityjit'
Mono config path = '/home/alex/Unity/Hub/Editor/2020.3.0f1/Editor/Data/MonoBleedingEdge/etc'
Using monoOptions --debugger-agent=transport=dt_socket,embedding=1,server=y,suspend=n,address=127.0.0.1:56293
Begin MonoManager ReloadAssembly
Registering precompiled unity dll's ...
Register platform support module: /home/alex/Unity/Hub/Editor/2020.3.0f1/Editor/Data/PlaybackEngines/MacStandaloneSupport/UnityEditor.OSXStandalone.Extensions.dll
Register platform support module: /home/alex/Unity/Hub/Editor/2020.3.0f1/Editor/Data/PlaybackEngines/WindowsStandaloneSupport/UnityEditor.WindowsStandalone.Extensions.dll
Register platform support module: /home/alex/Unity/Hub/Editor/2020.3.0f1/Editor/Data/PlaybackEngines/LinuxStandaloneSupport/UnityEditor.LinuxStandalone.Extensions.dll
Registered in 0,003996 seconds.
Native extension for LinuxStandalone target not found
Native extension for WindowsStandalone target not found
Native extension for OSXStandalone target not found
Refreshing native plugins compatible for Editor in 100,46 ms, found 1 plugins.
Preloading 0 native plugins for Editor in 0,00 ms.
Invoked RoslynAnalysisRunner static constructor.
RoslynAnalysisRunner will not be running.
RoslynAnalysisRunner has terminated.
Mono: successfully reloaded assembly
- Completed reload, in  2,885 seconds
Platform modules already initialized, skipping
Registering precompiled user dll's ...
Registered in 0,002205 seconds.
Begin MonoManager ReloadAssembly
Native extension for LinuxStandalone target not found
Native extension for WindowsStandalone target not found
Native extension for OSXStandalone target not found
Refreshing native plugins compatible for Editor in 105,88 ms, found 1 plugins.
Preloading 0 native plugins for Editor in 0,00 ms.
Invoked RoslynAnalysisRunner static constructor.
RoslynAnalysisRunner will not be running.
RoslynAnalysisRunner has terminated.
Mono: successfully reloaded assembly
- Completed reload, in  2,525 seconds
Platform modules already initialized, skipping
========================================================================
Worker process is ready to serve import requests
Launched and connected shader compiler UnityShaderCompiler after 0.02 seconds
Refreshing native plugins compatible for Editor in 1,28 ms, found 1 plugins.
Preloading 0 native plugins for Editor in 0,00 ms.
Unloading 1815 Unused Serialized files (Serialized files now loaded: 0)
System memory in use before: 78,9 MB.
System memory in use after: 79,0 MB.

Unloading 19 unused Assets to reduce memory usage. Loaded Objects now: 2262.
Total: 7,645739 ms (FindLiveObjects: 0,684237 ms CreateObjectMapping: 0,232084 ms MarkObjects: 6,442890 ms  DeleteObjects: 0,281209 ms)

========================================================================
Received Import Request.
  path: Assets/Scripts/AttackController.cs
  artifactKey: Guid(fd20a4dfb60caf747984f93ae1eba924) Importer(815301076,1909f56bfc062723c751e8b465ee728b)
Start importing Assets/Scripts/AttackController.cs using Guid(fd20a4dfb60caf747984f93ae1eba924) Importer(815301076,1909f56bfc062723c751e8b465ee728b)  -> (artifact id: '4fa66be320c1803ac179327674d8b00a') in 0,007978 seconds
  Import took 0,014884 seconds .

========================================================================
Received Prepare
Registering precompiled user dll's ...
Registered in 0,001919 seconds.
Begin MonoManager ReloadAssembly
Native extension for LinuxStandalone target not found
Native extension for WindowsStandalone target not found
Native extension for OSXStandalone target not found
Refreshing native plugins compatible for Editor in 1,73 ms, found 1 plugins.
Preloading 0 native plugins for Editor in 0,00 ms.
Invoked RoslynAnalysisRunner static constructor.
RoslynAnalysisRunner will not be running.
RoslynAnalysisRunner has terminated.
Mono: successfully reloaded assembly
- Completed reload, in  2,754 seconds
Platform modules already initialized, skipping
Refreshing native plugins compatible for Editor in 1,44 ms, found 1 plugins.
Preloading 0 native plugins for Editor in 0,00 ms.
Unloading 1805 Unused Serialized files (Serialized files now loaded: 0)
System memory in use before: 78,4 MB.
System memory in use after: 78,5 MB.

Unloading 8 unused Assets to reduce memory usage. Loaded Objects now: 2265.
Total: 7,727111 ms (FindLiveObjects: 0,728867 ms CreateObjectMapping: 0,287125 ms MarkObjects: 6,605470 ms  DeleteObjects: 0,100294 ms)

========================================================================
Received Prepare
Registering precompiled user dll's ...
Registered in 0,001769 seconds.
Begin MonoManager ReloadAssembly
Native extension for LinuxStandalone target not found
Native extension for WindowsStandalone target not found
Native extension for OSXStandalone target not found
Refreshing native plugins compatible for Editor in 1,25 ms, found 1 plugins.
Preloading 0 native plugins for Editor in 0,00 ms.
Invoked RoslynAnalysisRunner static constructor.
RoslynAnalysisRunner will not be running.
RoslynAnalysisRunner has terminated.
Mono: successfully reloaded assembly
- Completed reload, in  1,981 seconds
Platform modules already initialized, skipping
Refreshing native plugins compatible for Editor in 1,14 ms, found 1 plugins.
Preloading 0 native plugins for Editor in 0,00 ms.
Unloading 1805 Unused Serialized files (Serialized files now loaded: 0)
System memory in use before: 78,5 MB.
System memory in use after: 78,6 MB.

Unloading 8 unused Assets to reduce memory usage. Loaded Objects now: 2268.
Total: 6,346866 ms (FindLiveObjects: 0,612358 ms CreateObjectMapping: 0,161399 ms MarkObjects: 5,476618 ms  DeleteObjects: 0,091485 ms)

========================================================================
Received Import Request.
  Time since last request: 331,353148 seconds.
  path: Assets/Scripts/AttackController.cs
  artifactKey: Guid(fd20a4dfb60caf747984f93ae1eba924) Importer(815301076,1909f56bfc062723c751e8b465ee728b)
Start importing Assets/Scripts/AttackController.cs using Guid(fd20a4dfb60caf747984f93ae1eba924) Importer(815301076,1909f56bfc062723c751e8b465ee728b)  -> (artifact id: '823ec8085a5de6361cea2ff0e9f62055') in 0,007217 seconds
  Import took 0,013018 seconds .

========================================================================
Received Import Request.
  Time since last request: 0,015831 seconds.
  path: Assets/Scripts/AttackController.cs
  artifactKey: Guid(fd20a4dfb60caf747984f93ae1eba924) Importer(815301076,1909f56bfc062723c751e8b465ee728b)
Start importing Assets/Scripts/AttackController.cs using Guid(fd20a4dfb60caf747984f93ae1eba924) Importer(815301076,1909f56bfc062723c751e8b465ee728b)  -> (artifact id: '823ec8085a5de6361cea2ff0e9f62055') in 0,001662 seconds
  Import took 0,007515 seconds .

========================================================================
Received Prepare
Registering precompiled user dll's ...
Registered in 0,002541 seconds.
Begin MonoManager ReloadAssembly
Native extension for LinuxStandalone target not found
Native extension for WindowsStandalone target not found
Native extension for OSXStandalone target not found
Refreshing native plugins compatible for Editor in 1,15 ms, found 1 plugins.
Preloading 0 native plugins for Editor in 0,01 ms.
Invoked RoslynAnalysisRunner static constructor.
RoslynAnalysisRunner will not be running.
RoslynAnalysisRunner has terminated.
Mono: successfully reloaded assembly
- Completed reload, in  2,672 seconds
Platform modules already initialized, skipping
Refreshing native plugins compatible for Editor in 1,13 ms, found 1 plugins.
Preloading 0 native plugins for Editor in 0,00 ms.
Unloading 1805 Unused Serialized files (Serialized files now loaded: 0)
System memory in use before: 78,5 MB.
System memory in use after: 78,6 MB.

Unloading 8 unused Assets to reduce memory usage. Loaded Objects now: 2271.
Total: 10,861931 ms (FindLiveObjects: 2,554810 ms CreateObjectMapping: 1,549459 ms MarkObjects: 6,650686 ms  DeleteObjects: 0,101683 ms)

========================================================================
Received Prepare
Registering precompiled user dll's ...
Registered in 0,002934 seconds.
Begin MonoManager ReloadAssembly
Native extension for LinuxStandalone target not found
Native extension for WindowsStandalone target not found
Native extension for OSXStandalone target not found
Refreshing native plugins compatible for Editor in 1,80 ms, found 1 plugins.
Preloading 0 native plugins for Editor in 0,00 ms.
Invoked RoslynAnalysisRunner static constructor.
RoslynAnalysisRunner will not be running.
RoslynAnalysisRunner has terminated.
Mono: successfully reloaded assembly
- Completed reload, in  2,550 seconds
Platform modules already initialized, skipping
Refreshing native plugins compatible for Editor in 1,13 ms, found 1 plugins.
Preloading 0 native plugins for Editor in 0,00 ms.
Unloading 1805 Unused Serialized files (Serialized files now loaded: 0)
System memory in use before: 78,5 MB.
System memory in use after: 78,6 MB.

Unloading 8 unused Assets to reduce memory usage. Loaded Objects now: 2274.
Total: 17,371682 ms (FindLiveObjects: 1,267516 ms CreateObjectMapping: 0,433614 ms MarkObjects: 15,225600 ms  DeleteObjects: 0,439094 ms)

========================================================================
Received Import Request.
  Time since last request: 198,468961 seconds.
  path: Assets/Scripts/AttackController.cs
  artifactKey: Guid(fd20a4dfb60caf747984f93ae1eba924) Importer(815301076,1909f56bfc062723c751e8b465ee728b)
Start importing Assets/Scripts/AttackController.cs using Guid(fd20a4dfb60caf747984f93ae1eba924) Importer(815301076,1909f56bfc062723c751e8b465ee728b)  -> (artifact id: '3aff2ff0cb9c0b5e4c1f5b17ed0ceff8') in 0,012563 seconds
  Import took 0,025142 seconds .

========================================================================
Received Prepare
Registering precompiled user dll's ...
Registered in 0,002154 seconds.
Begin MonoManager ReloadAssembly
Native extension for LinuxStandalone target not found
Native extension for WindowsStandalone target not found
Native extension for OSXStandalone target not found
Refreshing native plugins compatible for Editor in 1,04 ms, found 1 plugins.
Preloading 0 native plugins for Editor in 0,00 ms.
Invoked RoslynAnalysisRunner static constructor.
RoslynAnalysisRunner will not be running.
RoslynAnalysisRunner has terminated.
Mono: successfully reloaded assembly
- Completed reload, in  2,129 seconds
Platform modules already initialized, skipping
Refreshing native plugins compatible for Editor in 1,10 ms, found 1 plugins.
Preloading 0 native plugins for Editor in 0,00 ms.
Unloading 1805 Unused Serialized files (Serialized files now loaded: 0)
System memory in use before: 78,5 MB.
System memory in use after: 78,6 MB.

Unloading 8 unused Assets to reduce memory usage. Loaded Objects now: 2277.
Total: 8,931024 ms (FindLiveObjects: 0,620189 ms CreateObjectMapping: 0,163398 ms MarkObjects: 7,966981 ms  DeleteObjects: 0,175660 ms)

========================================================================
Received Import Request.
  Time since last request: 25,282270 seconds.
  path: Assets/Scripts/AttackController.cs
  artifactKey: Guid(fd20a4dfb60caf747984f93ae1eba924) Importer(815301076,1909f56bfc062723c751e8b465ee728b)
Start importing Assets/Scripts/AttackController.cs using Guid(fd20a4dfb60caf747984f93ae1eba924) Importer(815301076,1909f56bfc062723c751e8b465ee728b)  -> (artifact id: 'b8035d819a070e156005fc914b3c27e1') in 0,008210 seconds
  Import took 0,017601 seconds .

========================================================================
Received Prepare
Registering precompiled user dll's ...
Registered in 0,002082 seconds.
Begin MonoManager ReloadAssembly
Native extension for LinuxStandalone target not found
Native extension for WindowsStandalone target not found
Native extension for OSXStandalone target not found
Refreshing native plugins compatible for Editor in 1,06 ms, found 1 plugins.
Preloading 0 native plugins for Editor in 0,00 ms.
Invoked RoslynAnalysisRunner static constructor.
RoslynAnalysisRunner will not be running.
RoslynAnalysisRunner has terminated.
Mono: successfully reloaded assembly
- Completed reload, in  2,441 seconds
Platform modules already initialized, skipping
Refreshing native plugins compatible for Editor in 1,94 ms, found 1 plugins.
Preloading 0 native plugins for Editor in 0,00 ms.
Unloading 1805 Unused Serialized files (Serialized files now loaded: 0)
System memory in use before: 78,5 MB.
System memory in use after: 78,6 MB.

Unloading 8 unused Assets to reduce memory usage. Loaded Objects now: 2280.
Total: 8,306010 ms (FindLiveObjects: 1,144102 ms CreateObjectMapping: 0,310905 ms MarkObjects: 6,746658 ms  DeleteObjects: 0,097977 ms)

========================================================================
Received Prepare
Registering precompiled user dll's ...
Registered in 0,002188 seconds.
Begin MonoManager ReloadAssembly
Native extension for LinuxStandalone target not found
Native extension for WindowsStandalone target not found
Native extension for OSXStandalone target not found
Refreshing native plugins compatible for Editor in 1,05 ms, found 1 plugins.
Preloading 0 native plugins for Editor in 0,00 ms.
Invoked RoslynAnalysisRunner static constructor.
RoslynAnalysisRunner will not be running.
RoslynAnalysisRunner has terminated.
Mono: successfully reloaded assembly
- Completed reload, in  2,087 seconds
Platform modules already initialized, skipping
Refreshing native plugins compatible for Editor in 1,09 ms, found 1 plugins.
Preloading 0 native plugins for Editor in 0,00 ms.
Unloading 1805 Unused Serialized files (Serialized files now loaded: 0)
System memory in use before: 78,5 MB.
System memory in use after: 78,6 MB.

Unloading 8 unused Assets to reduce memory usage. Loaded Objects now: 2283.
Total: 9,649937 ms (FindLiveObjects: 0,678103 ms CreateObjectMapping: 0,201315 ms MarkObjects: 8,663042 ms  DeleteObjects: 0,101877 ms)

========================================================================
Received Import Request.
  Time since last request: 134,274817 seconds.
  path: Assets/Scripts/AttackController.cs
  artifactKey: Guid(fd20a4dfb60caf747984f93ae1eba924) Importer(815301076,1909f56bfc062723c751e8b465ee728b)
Start importing Assets/Scripts/AttackController.cs using Guid(fd20a4dfb60caf747984f93ae1eba924) Importer(815301076,1909f56bfc062723c751e8b465ee728b)  -> (artifact id: '20ede05ea5d2e338bbdf937dc27c609a') in 0,008835 seconds
  Import took 0,016503 seconds .

========================================================================
Received Prepare
Registering precompiled user dll's ...
Registered in 0,029266 seconds.
Begin MonoManager ReloadAssembly
Native extension for LinuxStandalone target not found
Native extension for WindowsStandalone target not found
Native extension for OSXStandalone target not found
Refreshing native plugins compatible for Editor in 1,04 ms, found 1 plugins.
Preloading 0 native plugins for Editor in 0,00 ms.
Invoked RoslynAnalysisRunner static constructor.
RoslynAnalysisRunner will not be running.
RoslynAnalysisRunner has terminated.
Mono: successfully reloaded assembly
- Completed reload, in  2,129 seconds
Platform modules already initialized, skipping
Refreshing native plugins compatible for Editor in 1,01 ms, found 1 plugins.
Preloading 0 native plugins for Editor in 0,00 ms.
Unloading 1805 Unused Serialized files (Serialized files now loaded: 0)
System memory in use before: 78,5 MB.
System memory in use after: 78,6 MB.

Unloading 8 unused Assets to reduce memory usage. Loaded Objects now: 2286.
Total: 9,818346 ms (FindLiveObjects: 0,690253 ms CreateObjectMapping: 0,497669 ms MarkObjects: 8,524830 ms  DeleteObjects: 0,100141 ms)

AssetImportWorkerClient::OnTransportError - code=2 error=End of file
